<?xml version="1.0" encoding="UTF-8"?>
<coverage generated="1581952732577" clover="3.2.0">
  <project timestamp="1581952732577" name="All files">
    <metrics statements="3" coveredstatements="3" conditionals="4" coveredconditionals="3" methods="2" coveredmethods="2" elements="9" coveredelements="8" complexity="0" loc="3" ncloc="3" packages="1" files="1" classes="1">
      <file name="reverse-recursive-prof.js" path="/Applications/MAMP/htdocs/__FRONT/_react/_curso-daciuk/m2/m2-section-4/jest-in-practice/src/recursive-reverse/reverse-recursive-prof.js">
        <metrics statements="3" coveredstatements="3" conditionals="4" coveredconditionals="3" methods="2" coveredmethods="2"/>
        <line num="17" count="1" type="cond" truecount="0" falsecount="1"/>
        <line num="18" count="3" type="cond" truecount="1" falsecount="0"/>
        <line num="20" count="8" type="cond" truecount="2" falsecount="0"/>
      </file>
    </metrics>
  </project>
</coverage>
