<?xml version="1.0" encoding="UTF-8"?>
<coverage generated="1581898187363" clover="3.2.0">
  <project timestamp="1581898187363" name="All files">
    <metrics statements="4" coveredstatements="4" conditionals="6" coveredconditionals="4" methods="3" coveredmethods="2" elements="13" coveredelements="10" complexity="0" loc="4" ncloc="4" packages="1" files="1" classes="1">
      <file name="some-recursive-prof.js" path="/Applications/MAMP/htdocs/__FRONT/_react/_curso-daciuk/m2/m2-section-4/jest-in-practice/src/recursive-some/some-recursive-prof.js">
        <metrics statements="4" coveredstatements="4" conditionals="6" coveredconditionals="4" methods="3" coveredmethods="2"/>
        <line num="18" count="1" type="cond" truecount="0" falsecount="2"/>
        <line num="20" count="7" type="stmt"/>
        <line num="21" count="14" type="stmt"/>
        <line num="23" count="14" type="cond" truecount="2" falsecount="0"/>
      </file>
    </metrics>
  </project>
</coverage>
