{"/Applications/MAMP/htdocs/__FRONT/_react/_curso-daciuk/m2/m2-section-4/jest-in-practice/src/recursive-filter/filter-recursive.js": {"path":"/Applications/MAMP/htdocs/__FRONT/_react/_curso-daciuk/m2/m2-section-4/jest-in-practice/src/recursive-filter/filter-recursive.js","statementMap":{"0":{"start":{"line":3,"column":24},"end":{"line":16,"column":1}},"1":{"start":{"line":3,"column":52},"end":{"line":3,"column":56}},"2":{"start":{"line":4,"column":2},"end":{"line":5,"column":17}},"3":{"start":{"line":5,"column":4},"end":{"line":5,"column":17}},"4":{"start":{"line":7,"column":2},"end":{"line":8,"column":21}},"5":{"start":{"line":8,"column":4},"end":{"line":8,"column":21}},"6":{"start":{"line":10,"column":26},"end":{"line":10,"column":29}},"7":{"start":{"line":12,"column":2},"end":{"line":13,"column":21}},"8":{"start":{"line":13,"column":4},"end":{"line":13,"column":21}},"9":{"start":{"line":15,"column":2},"end":{"line":15,"column":57}}},"fnMap":{"0":{"name":"(anonymous_0)","decl":{"start":{"line":3,"column":24},"end":{"line":3,"column":25}},"loc":{"start":{"line":3,"column":92},"end":{"line":16,"column":1}},"line":3},"1":{"name":"(anonymous_1)","decl":{"start":{"line":3,"column":42},"end":{"line":3,"column":43}},"loc":{"start":{"line":3,"column":52},"end":{"line":3,"column":56}},"line":3}},"branchMap":{"0":{"loc":{"start":{"line":3,"column":25},"end":{"line":3,"column":33}},"type":"default-arg","locations":[{"start":{"line":3,"column":31},"end":{"line":3,"column":33}}],"line":3},"1":{"loc":{"start":{"line":3,"column":35},"end":{"line":3,"column":56}},"type":"default-arg","locations":[{"start":{"line":3,"column":42},"end":{"line":3,"column":56}}],"line":3},"2":{"loc":{"start":{"line":3,"column":58},"end":{"line":3,"column":74}},"type":"default-arg","locations":[{"start":{"line":3,"column":72},"end":{"line":3,"column":74}}],"line":3},"3":{"loc":{"start":{"line":3,"column":76},"end":{"line":3,"column":87}},"type":"default-arg","locations":[{"start":{"line":3,"column":85},"end":{"line":3,"column":87}}],"line":3},"4":{"loc":{"start":{"line":4,"column":2},"end":{"line":5,"column":17}},"type":"if","locations":[{"start":{"line":4,"column":2},"end":{"line":5,"column":17}},{"start":{"line":4,"column":2},"end":{"line":5,"column":17}}],"line":4},"5":{"loc":{"start":{"line":7,"column":2},"end":{"line":8,"column":21}},"type":"if","locations":[{"start":{"line":7,"column":2},"end":{"line":8,"column":21}},{"start":{"line":7,"column":2},"end":{"line":8,"column":21}}],"line":7},"6":{"loc":{"start":{"line":12,"column":2},"end":{"line":13,"column":21}},"type":"if","locations":[{"start":{"line":12,"column":2},"end":{"line":13,"column":21}},{"start":{"line":12,"column":2},"end":{"line":13,"column":21}}],"line":12}},"s":{"0":1,"1":0,"2":21,"3":3,"4":18,"5":3,"6":18,"7":18,"8":8,"9":18},"f":{"0":21,"1":0},"b":{"0":[0],"1":[0],"2":[3],"3":[3],"4":[3,18],"5":[3,15],"6":[8,10]},"_coverageSchema":"332fd63041d2c1bcb487cc26dd0d5f7d97098a6c","hash":"49eb5d36a422893b50e1bc3d4a722f29aca31e2d"}
}
