{"/Applications/MAMP/htdocs/__FRONT/_react/_curso-daciuk/m2/m2-section-4/jest-in-practice/src/recursive-reduce/reduce-recursive.js": {"path":"/Applications/MAMP/htdocs/__FRONT/_react/_curso-daciuk/m2/m2-section-4/jest-in-practice/src/recursive-reduce/reduce-recursive.js","statementMap":{"0":{"start":{"line":16,"column":15},"end":{"line":33,"column":1}},"1":{"start":{"line":18,"column":12},"end":{"line":18,"column":24}},"2":{"start":{"line":19,"column":16},"end":{"line":19,"column":19}},"3":{"start":{"line":21,"column":2},"end":{"line":24,"column":3}},"4":{"start":{"line":22,"column":4},"end":{"line":22,"column":16}},"5":{"start":{"line":23,"column":4},"end":{"line":23,"column":26}},"6":{"start":{"line":26,"column":2},"end":{"line":32,"column":16}},"7":{"start":{"line":28,"column":4},"end":{"line":30,"column":110}}},"fnMap":{"0":{"name":"(anonymous_0)","decl":{"start":{"line":16,"column":15},"end":{"line":16,"column":16}},"loc":{"start":{"line":16,"column":44},"end":{"line":33,"column":1}},"line":16},"1":{"name":"reduceInternal","decl":{"start":{"line":26,"column":19},"end":{"line":26,"column":33}},"loc":{"start":{"line":26,"column":56},"end":{"line":32,"column":3}},"line":26}},"branchMap":{"0":{"loc":{"start":{"line":21,"column":2},"end":{"line":24,"column":3}},"type":"if","locations":[{"start":{"line":21,"column":2},"end":{"line":24,"column":3}},{"start":{"line":21,"column":2},"end":{"line":24,"column":3}}],"line":21},"1":{"loc":{"start":{"line":28,"column":11},"end":{"line":30,"column":110}},"type":"cond-expr","locations":[{"start":{"line":29,"column":8},"end":{"line":29,"column":11}},{"start":{"line":30,"column":9},"end":{"line":30,"column":109}}],"line":28}},"s":{"0":1,"1":7,"2":7,"3":7,"4":3,"5":3,"6":7,"7":30},"f":{"0":7,"1":30},"b":{"0":[3,4],"1":[7,23]},"_coverageSchema":"332fd63041d2c1bcb487cc26dd0d5f7d97098a6c","hash":"8355667dd91dc1095e0c85b45e9b94189c6c357e"}
}
