TN:
SF:/Applications/MAMP/htdocs/__FRONT/_react/_curso-daciuk/m2/m2-section-4/jest-in-practice/src/recursive-reduce/reduce-recursive-prof.js
FN:3,(anonymous_0)
FNF:1
FNH:1
FNDA:8,(anonymous_0)
DA:3,1
DA:5,8
DA:6,8
DA:8,8
DA:9,2
DA:10,2
DA:13,8
DA:14,20
DA:16,8
LF:9
LH:9
BRDA:8,0,0,2
BRDA:8,0,1,6
BRF:2
BRH:2
end_of_record
TN:
SF:/Applications/MAMP/htdocs/__FRONT/_react/_curso-daciuk/m2/m2-section-4/jest-in-practice/src/recursive-reduce/reduce-recursive.js
FN:3,(anonymous_0)
FNF:1
FNH:1
FNDA:6,(anonymous_0)
DA:3,1
DA:5,6
DA:7,6
DA:8,24
DA:10,6
LF:5
LH:5
BRDA:5,0,0,3
BRDA:5,0,1,3
BRF:2
BRH:2
end_of_record
