TN:
SF:/Applications/MAMP/htdocs/__FRONT/_react/_curso-daciuk/m2/m2-section-4/jest-in-practice/src/recursive-find/find-recursive.js
FN:22,(anonymous_0)
FN:24,findInternal
FNF:2
FNH:2
FNDA:5,(anonymous_0)
FNDA:18,findInternal
DA:22,1
DA:24,5
DA:26,18
LF:3
LH:3
BRDA:26,0,0,2
BRDA:26,0,1,16
BRDA:28,1,0,3
BRDA:28,1,1,13
BRF:4
BRH:4
end_of_record
TN:
SF:/Applications/MAMP/htdocs/__FRONT/_react/_curso-daciuk/m2/m2-section-4/jest-in-practice/src/recursive-find/prof-find-recursive.js
FN:17,(anonymous_0)
FN:18,findInternal
FNF:2
FNH:2
FNDA:7,(anonymous_0)
FNDA:23,findInternal
DA:17,1
DA:18,7
DA:19,23
DA:21,23
LF:4
LH:4
BRDA:21,0,0,2
BRDA:21,0,1,21
BRDA:23,1,0,5
BRDA:23,1,1,16
BRF:4
BRH:4
end_of_record
