<?xml version="1.0" encoding="UTF-8"?>
<coverage generated="1584289206324" clover="3.2.0">
  <project timestamp="1584289206324" name="All files">
    <metrics statements="5" coveredstatements="5" conditionals="0" coveredconditionals="0" methods="1" coveredmethods="1" elements="6" coveredelements="6" complexity="0" loc="5" ncloc="5" packages="1" files="1" classes="1">
      <file name="index.js" path="/Applications/MAMP/htdocs/__FRONT/_react/_curso-daciuk/m2/github-app/src/utils/pagination/index.js">
        <metrics statements="5" coveredstatements="5" conditionals="0" coveredconditionals="0" methods="1" coveredmethods="1"/>
        <line num="3" count="1" type="stmt"/>
        <line num="4" count="2" type="stmt"/>
        <line num="5" count="2" type="stmt"/>
        <line num="6" count="3" type="stmt"/>
        <line num="9" count="2" type="stmt"/>
      </file>
    </metrics>
  </project>
</coverage>
