TN:
SF:/Applications/MAMP/htdocs/__FRONT/_react/_curso-daciuk/m2/github-app/src/utils/pagination/index.js
FN:4,(anonymous_0)
FN:10,(anonymous_1)
FN:12,(anonymous_2)
FN:22,(anonymous_3)
FN:31,(anonymous_4)
FN:37,(anonymous_5)
FNF:6
FNH:6
FNDA:42,(anonymous_0)
FNDA:41,(anonymous_1)
FNDA:21,(anonymous_2)
FNDA:10,(anonymous_3)
FNDA:42,(anonymous_4)
FNDA:70,(anonymous_5)
DA:4,42
DA:10,41
DA:12,1
DA:13,21
DA:14,1
DA:17,20
DA:18,1
DA:21,19
DA:22,10
DA:26,14
DA:29,14
DA:31,42
DA:37,70
DA:39,14
DA:40,14
DA:42,14
DA:43,2
DA:50,14
DA:51,14
DA:53,14
DA:54,2
DA:61,14
DA:62,14
DA:64,14
DA:65,6
DA:72,14
DA:73,14
DA:75,14
DA:76,6
DA:83,14
LF:30
LH:30
BRDA:4,0,0,9
BRDA:4,0,1,33
BRDA:6,1,0,6
BRDA:6,1,1,27
BRDA:12,2,0,1
BRDA:12,3,0,2
BRDA:12,4,0,3
BRDA:13,5,0,1
BRDA:13,5,1,20
BRDA:17,6,0,1
BRDA:17,6,1,19
BRDA:21,7,0,5
BRDA:21,7,1,14
BRDA:42,8,0,2
BRDA:42,8,1,12
BRDA:53,9,0,2
BRDA:53,9,1,12
BRDA:64,10,0,6
BRDA:64,10,1,8
BRDA:75,11,0,6
BRDA:75,11,1,8
BRF:21
BRH:21
end_of_record
