<?xml version="1.0" encoding="UTF-8"?>
<coverage generated="1585873830113" clover="3.2.0">
  <project timestamp="1585873830113" name="All files">
    <metrics statements="30" coveredstatements="30" conditionals="21" coveredconditionals="21" methods="6" coveredmethods="6" elements="57" coveredelements="57" complexity="0" loc="30" ncloc="30" packages="1" files="1" classes="1">
      <file name="index.js" path="/Applications/MAMP/htdocs/__FRONT/_react/_curso-daciuk/m2/github-app/src/utils/pagination/index.js">
        <metrics statements="30" coveredstatements="30" conditionals="21" coveredconditionals="21" methods="6" coveredmethods="6"/>
        <line num="4" count="42" type="cond" truecount="2" falsecount="0"/>
        <line num="10" count="41" type="stmt"/>
        <line num="12" count="1" type="cond" truecount="3" falsecount="0"/>
        <line num="13" count="21" type="cond" truecount="2" falsecount="0"/>
        <line num="14" count="1" type="stmt"/>
        <line num="17" count="20" type="cond" truecount="2" falsecount="0"/>
        <line num="18" count="1" type="stmt"/>
        <line num="21" count="19" type="cond" truecount="2" falsecount="0"/>
        <line num="22" count="10" type="stmt"/>
        <line num="26" count="14" type="stmt"/>
        <line num="29" count="14" type="stmt"/>
        <line num="31" count="42" type="stmt"/>
        <line num="37" count="70" type="stmt"/>
        <line num="39" count="14" type="stmt"/>
        <line num="40" count="14" type="stmt"/>
        <line num="42" count="14" type="cond" truecount="2" falsecount="0"/>
        <line num="43" count="2" type="stmt"/>
        <line num="50" count="14" type="stmt"/>
        <line num="51" count="14" type="stmt"/>
        <line num="53" count="14" type="cond" truecount="2" falsecount="0"/>
        <line num="54" count="2" type="stmt"/>
        <line num="61" count="14" type="stmt"/>
        <line num="62" count="14" type="stmt"/>
        <line num="64" count="14" type="cond" truecount="2" falsecount="0"/>
        <line num="65" count="6" type="stmt"/>
        <line num="72" count="14" type="stmt"/>
        <line num="73" count="14" type="stmt"/>
        <line num="75" count="14" type="cond" truecount="2" falsecount="0"/>
        <line num="76" count="6" type="stmt"/>
        <line num="83" count="14" type="stmt"/>
      </file>
    </metrics>
  </project>
</coverage>
